
Дата вызова функции: 2023-01-18 время 21-37-56
Имя функции: hello_world
Аргументы функции: ((), {})
Возвращаемое значение функции: Hello World
**************************************************

Дата вызова функции: 2023-01-18 время 21-37-56
Имя функции: summator
Аргументы функции: ((2, 2), {})
Возвращаемое значение функции: 4
**************************************************

Дата вызова функции: 2023-01-18 время 21-37-56
Имя функции: div
Аргументы функции: ((6, 2), {})
Возвращаемое значение функции: 3.0
**************************************************

Дата вызова функции: 2023-01-18 время 21-37-56
Имя функции: summator
Аргументы функции: ((4.3,), {'b': 2.2})
Возвращаемое значение функции: 6.5
**************************************************

Дата вызова функции: 2023-01-18 время 21-37-56
Имя функции: summator
Аргументы функции: ((), {'a': 0, 'b': 0})
Возвращаемое значение функции: 0
**************************************************
